<?xml version="1.0" encoding="UTF-8"?>
<testng-results skipped="0" failed="0" total="1" passed="1">
  <reporter-output>
  </reporter-output>
  <suite name="Default suite" duration-ms="28077" started-at="2017-07-29T13:26:06Z" finished-at="2017-07-29T13:26:34Z">
    <groups>
    </groups>
    <test name="Default test" duration-ms="28077" started-at="2017-07-29T13:26:06Z" finished-at="2017-07-29T13:26:34Z">
      <class name="Testing_Project.Maven_Testing_Project.TestProgram">
        <test-method status="PASS" signature="beforeClass()[pri:0, instance:Testing_Project.Maven_Testing_Project.TestProgram@1fdc050]" name="beforeClass" is-config="true" duration-ms="11418" started-at="2017-07-29T18:56:06Z" finished-at="2017-07-29T18:56:18Z">
          <reporter-output>
          </reporter-output>
        </test-method> <!-- beforeClass -->
        <test-method status="PASS" signature="SignUpLink()[pri:0, instance:Testing_Project.Maven_Testing_Project.TestProgram@1fdc050]" name="SignUpLink" duration-ms="91" started-at="2017-07-29T18:56:18Z" finished-at="2017-07-29T18:56:18Z">
          <reporter-output>
          </reporter-output>
        </test-method> <!-- SignUpLink -->
        <test-method status="PASS" signature="afterClass()[pri:0, instance:Testing_Project.Maven_Testing_Project.TestProgram@1fdc050]" name="afterClass" is-config="true" duration-ms="16553" started-at="2017-07-29T18:56:18Z" finished-at="2017-07-29T18:56:34Z">
          <reporter-output>
          </reporter-output>
        </test-method> <!-- afterClass -->
      </class> <!-- Testing_Project.Maven_Testing_Project.TestProgram -->
    </test> <!-- Default test -->
  </suite> <!-- Default suite -->
</testng-results>
